# JRE version: Java(TM) SE Runtime Environment (14.0.2+12) (build 14.0.2+12-46)
# Java VM: Java HotSpot(TM) 64-Bit Server VM (14.0.2+12-46, mixed mode, sharing, tiered, compressed oops, parallel gc, windows-amd64)
Heap:
 PSYoungGen      total 12288K, used 11695K [0x00000000eab00000, 0x00000000ec080000, 0x0000000100000000)
  eden space 11776K, 94% used [0x00000000eab00000,0x00000000eb5ec398,0x00000000eb680000)
  from space 512K, 99% used [0x00000000eb900000,0x00000000eb97fa20,0x00000000eb980000)
  to   space 5120K, 0% used [0x00000000ebb80000,0x00000000ebb80000,0x00000000ec080000)
 ParOldGen       total 68096K, used 45788K [0x00000000c0000000, 0x00000000c4280000, 0x00000000eab00000)
  object space 68096K, 67% used [0x00000000c0000000,0x00000000c2cb7300,0x00000000c4280000)
 Metaspace       used 42904K, capacity 44621K, committed 44888K, reserved 1089536K
  class space    used 3924K, capacity 4559K, committed 4696K, reserved 1048576K
GC Heap History (20 events):
Event: 112.372 GC heap before
{Heap before GC invocations=134 (full 4):
 PSYoungGen      total 12800K, used 12638K [0x00000000eab00000, 0x00000000ebc00000, 0x0000000100000000)
  eden space 11776K, 100% used [0x00000000eab00000,0x00000000eb680000,0x00000000eb680000)
  from space 1024K, 84% used [0x00000000eb680000,0x00000000eb757a20,0x00000000eb780000)
  to   space 2560K, 0% used [0x00000000eb980000,0x00000000eb980000,0x00000000ebc00000)
 ParOldGen       total 68096K, used 38655K [0x00000000c0000000, 0x00000000c4280000, 0x00000000eab00000)
  object space 68096K, 56% used [0x00000000c0000000,0x00000000c25bffd8,0x00000000c4280000)
 Metaspace       used 42743K, capacity 44458K, committed 44504K, reserved 1089536K
  class space    used 3919K, capacity 4526K, committed 4568K, reserved 1048576K
}
Event: 112.373 GC heap after
{Heap after GC invocations=134 (full 4):
 PSYoungGen      total 12288K, used 207K [0x00000000eab00000, 0x00000000eba00000, 0x0000000100000000)
  eden space 11776K, 0% used [0x00000000eab00000,0x00000000eab00000,0x00000000eb680000)
  from space 512K, 40% used [0x00000000eb980000,0x00000000eb9b3d10,0x00000000eba00000)
  to   space 1024K, 0% used [0x00000000eb800000,0x00000000eb800000,0x00000000eb900000)
 ParOldGen       total 68096K, used 39043K [0x00000000c0000000, 0x00000000c4280000, 0x00000000eab00000)
  object space 68096K, 57% used [0x00000000c0000000,0x00000000c2620d18,0x00000000c4280000)
 Metaspace       used 42743K, capacity 44458K, committed 44504K, reserved 1089536K
  class space    used 3919K, capacity 4526K, committed 4568K, reserved 1048576K
}
Event: 112.377 GC heap before
{Heap before GC invocations=135 (full 4):
 PSYoungGen      total 12288K, used 11983K [0x00000000eab00000, 0x00000000eba00000, 0x0000000100000000)
  eden space 11776K, 100% used [0x00000000eab00000,0x00000000eb680000,0x00000000eb680000)
  from space 512K, 40% used [0x00000000eb980000,0x00000000eb9b3d10,0x00000000eba00000)
  to   space 1024K, 0% used [0x00000000eb800000,0x00000000eb800000,0x00000000eb900000)
 ParOldGen       total 68096K, used 39043K [0x00000000c0000000, 0x00000000c4280000, 0x00000000eab00000)
  object space 68096K, 57% used [0x00000000c0000000,0x00000000c2620d18,0x00000000c4280000)
 Metaspace       used 42743K, capacity 44458K, committed 44504K, reserved 1089536K
  class space    used 3919K, capacity 4526K, committed 4568K, reserved 1048576K
}
Event: 112.378 GC heap after
{Heap after GC invocations=135 (full 4):
 PSYoungGen      total 12800K, used 96K [0x00000000eab00000, 0x00000000eba00000, 0x0000000100000000)
  eden space 11776K, 0% used [0x00000000eab00000,0x00000000eab00000,0x00000000eb680000)
  from space 1024K, 9% used [0x00000000eb800000,0x00000000eb818000,0x00000000eb900000)
  to   space 512K, 0% used [0x00000000eb980000,0x00000000eb980000,0x00000000eba00000)
 ParOldGen       total 68096K, used 39091K [0x00000000c0000000, 0x00000000c4280000, 0x00000000eab00000)
  object space 68096K, 57% used [0x00000000c0000000,0x00000000c262cd18,0x00000000c4280000)
 Metaspace       used 42743K, capacity 44458K, committed 44504K, reserved 1089536K
  class space    used 3919K, capacity 4526K, committed 4568K, reserved 1048576K
}
Event: 112.383 GC heap before
{Heap before GC invocations=136 (full 4):
 PSYoungGen      total 12800K, used 11840K [0x00000000eab00000, 0x00000000eba00000, 0x0000000100000000)
  eden space 11776K, 99% used [0x00000000eab00000,0x00000000eb6783b8,0x00000000eb680000)
  from space 1024K, 9% used [0x00000000eb800000,0x00000000eb818000,0x00000000eb900000)
  to   space 512K, 0% used [0x00000000eb980000,0x00000000eb980000,0x00000000eba00000)
 ParOldGen       total 68096K, used 39091K [0x00000000c0000000, 0x00000000c4280000, 0x00000000eab00000)
  object space 68096K, 57% used [0x00000000c0000000,0x00000000c262cd18,0x00000000c4280000)
 Metaspace       used 42756K, capacity 44458K, committed 44504K, reserved 1089536K
  class space    used 3919K, capacity 4526K, committed 4568K, reserved 1048576K
}
Event: 112.384 GC heap after
{Heap after GC invocations=136 (full 4):
 PSYoungGen      total 12288K, used 96K [0x00000000eab00000, 0x00000000eba00000, 0x0000000100000000)
  eden space 11776K, 0% used [0x00000000eab00000,0x00000000eab00000,0x00000000eb680000)
  from space 512K, 18% used [0x00000000eb980000,0x00000000eb998000,0x00000000eba00000)
  to   space 512K, 0% used [0x00000000eb900000,0x00000000eb900000,0x00000000eb980000)
 ParOldGen       total 68096K, used 39115K [0x00000000c0000000, 0x00000000c4280000, 0x00000000eab00000)
  object space 68096K, 57% used [0x00000000c0000000,0x00000000c2632d18,0x00000000c4280000)
 Metaspace       used 42756K, capacity 44458K, committed 44504K, reserved 1089536K
  class space    used 3919K, capacity 4526K, committed 4568K, reserved 1048576K
}
Event: 112.833 GC heap before
{Heap before GC invocations=137 (full 4):
 PSYoungGen      total 12288K, used 11872K [0x00000000eab00000, 0x00000000eba00000, 0x0000000100000000)
  eden space 11776K, 100% used [0x00000000eab00000,0x00000000eb680000,0x00000000eb680000)
  from space 512K, 18% used [0x00000000eb980000,0x00000000eb998000,0x00000000eba00000)
  to   space 512K, 0% used [0x00000000eb900000,0x00000000eb900000,0x00000000eb980000)
 ParOldGen       total 68096K, used 39115K [0x00000000c0000000, 0x00000000c4280000, 0x00000000eab00000)
  object space 68096K, 57% used [0x00000000c0000000,0x00000000c2632d18,0x00000000c4280000)
 Metaspace       used 42815K, capacity 44493K, committed 44632K, reserved 1089536K
  class space    used 3923K, capacity 4559K, committed 4696K, reserved 1048576K
}
Event: 112.835 GC heap after
{Heap after GC invocations=137 (full 4):
 PSYoungGen      total 12288K, used 495K [0x00000000eab00000, 0x00000000ebd80000, 0x0000000100000000)
  eden space 11776K, 0% used [0x00000000eab00000,0x00000000eab00000,0x00000000eb680000)
  from space 512K, 96% used [0x00000000eb900000,0x00000000eb97bd10,0x00000000eb980000)
  to   space 3584K, 0% used [0x00000000eba00000,0x00000000eba00000,0x00000000ebd80000)
 ParOldGen       total 68096K, used 41471K [0x00000000c0000000, 0x00000000c4280000, 0x00000000eab00000)
  object space 68096K, 60% used [0x00000000c0000000,0x00000000c287fc30,0x00000000c4280000)
 Metaspace       used 42815K, capacity 44493K, committed 44632K, reserved 1089536K
  class space    used 3923K, capacity 4559K, committed 4696K, reserved 1048576K
}
Event: 112.899 GC heap before
{Heap before GC invocations=138 (full 4):
 PSYoungGen      total 12288K, used 12271K [0x00000000eab00000, 0x00000000ebd80000, 0x0000000100000000)
  eden space 11776K, 100% used [0x00000000eab00000,0x00000000eb680000,0x00000000eb680000)
  from space 512K, 96% used [0x00000000eb900000,0x00000000eb97bd10,0x00000000eb980000)
  to   space 3584K, 0% used [0x00000000eba00000,0x00000000eba00000,0x00000000ebd80000)
 ParOldGen       total 68096K, used 41471K [0x00000000c0000000, 0x00000000c4280000, 0x00000000eab00000)
  object space 68096K, 60% used [0x00000000c0000000,0x00000000c287fc30,0x00000000c4280000)
 Metaspace       used 42854K, capacity 44557K, committed 44888K, reserved 1089536K
  class space    used 3924K, capacity 4559K, committed 4696K, reserved 1048576K
}
Event: 112.902 GC heap after
{Heap after GC invocations=138 (full 4):
 PSYoungGen      total 13824K, used 1996K [0x00000000eab00000, 0x00000000ebc00000, 0x0000000100000000)
  eden space 11776K, 0% used [0x00000000eab00000,0x00000000eab00000,0x00000000eb680000)
  from space 2048K, 97% used [0x00000000eba00000,0x00000000ebbf3190,0x00000000ebc00000)
  to   space 2560K, 0% used [0x00000000eb700000,0x00000000eb700000,0x00000000eb980000)
 ParOldGen       total 68096K, used 41962K [0x00000000c0000000, 0x00000000c4280000, 0x00000000eab00000)
  object space 68096K, 61% used [0x00000000c0000000,0x00000000c28faa10,0x00000000c4280000)
 Metaspace       used 42854K, capacity 44557K, committed 44888K, reserved 1089536K
  class space    used 3924K, capacity 4559K, committed 4696K, reserved 1048576K
}
Event: 115.705 GC heap before
{Heap before GC invocations=139 (full 4):
 PSYoungGen      total 13824K, used 13772K [0x00000000eab00000, 0x00000000ebc00000, 0x0000000100000000)
  eden space 11776K, 100% used [0x00000000eab00000,0x00000000eb680000,0x00000000eb680000)
  from space 2048K, 97% used [0x00000000eba00000,0x00000000ebbf3190,0x00000000ebc00000)
  to   space 2560K, 0% used [0x00000000eb700000,0x00000000eb700000,0x00000000eb980000)
 ParOldGen       total 68096K, used 41962K [0x00000000c0000000, 0x00000000c4280000, 0x00000000eab00000)
  object space 68096K, 61% used [0x00000000c0000000,0x00000000c28faa10,0x00000000c4280000)
 Metaspace       used 42863K, capacity 44557K, committed 44888K, reserved 1089536K
  class space    used 3924K, capacity 4559K, committed 4696K, reserved 1048576K
}
Event: 115.708 GC heap after
{Heap after GC invocations=139 (full 4):
 PSYoungGen      total 14336K, used 239K [0x00000000eab00000, 0x00000000eba80000, 0x0000000100000000)
  eden space 11776K, 0% used [0x00000000eab00000,0x00000000eab00000,0x00000000eb680000)
  from space 2560K, 9% used [0x00000000eb700000,0x00000000eb73bd10,0x00000000eb980000)
  to   space 1024K, 0% used [0x00000000eb980000,0x00000000eb980000,0x00000000eba80000)
 ParOldGen       total 68096K, used 42002K [0x00000000c0000000, 0x00000000c4280000, 0x00000000eab00000)
  object space 68096K, 61% used [0x00000000c0000000,0x00000000c2904a10,0x00000000c4280000)
 Metaspace       used 42863K, capacity 44557K, committed 44888K, reserved 1089536K
  class space    used 3924K, capacity 4559K, committed 4696K, reserved 1048576K
}
Event: 115.718 GC heap before
{Heap before GC invocations=140 (full 4):
 PSYoungGen      total 14336K, used 12015K [0x00000000eab00000, 0x00000000eba80000, 0x0000000100000000)
  eden space 11776K, 100% used [0x00000000eab00000,0x00000000eb680000,0x00000000eb680000)
  from space 2560K, 9% used [0x00000000eb700000,0x00000000eb73bd10,0x00000000eb980000)
  to   space 1024K, 0% used [0x00000000eb980000,0x00000000eb980000,0x00000000eba80000)
 ParOldGen       total 68096K, used 42002K [0x00000000c0000000, 0x00000000c4280000, 0x00000000eab00000)
  object space 68096K, 61% used [0x00000000c0000000,0x00000000c2904a10,0x00000000c4280000)
 Metaspace       used 42863K, capacity 44557K, committed 44888K, reserved 1089536K
  class space    used 3924K, capacity 4559K, committed 4696K, reserved 1048576K
}
Event: 115.720 GC heap after
{Heap after GC invocations=140 (full 4):
 PSYoungGen      total 12288K, used 96K [0x00000000eab00000, 0x00000000eba00000, 0x0000000100000000)
  eden space 11776K, 0% used [0x00000000eab00000,0x00000000eab00000,0x00000000eb680000)
  from space 512K, 18% used [0x00000000eb980000,0x00000000eb998000,0x00000000eba00000)
  to   space 512K, 0% used [0x00000000eb900000,0x00000000eb900000,0x00000000eb980000)
 ParOldGen       total 68096K, used 42161K [0x00000000c0000000, 0x00000000c4280000, 0x00000000eab00000)
  object space 68096K, 61% used [0x00000000c0000000,0x00000000c292c720,0x00000000c4280000)
 Metaspace       used 42863K, capacity 44557K, committed 44888K, reserved 1089536K
  class space    used 3924K, capacity 4559K, committed 4696K, reserved 1048576K
}
Event: 115.729 GC heap before
{Heap before GC invocations=141 (full 4):
 PSYoungGen      total 12288K, used 11872K [0x00000000eab00000, 0x00000000eba00000, 0x0000000100000000)
  eden space 11776K, 100% used [0x00000000eab00000,0x00000000eb680000,0x00000000eb680000)
  from space 512K, 18% used [0x00000000eb980000,0x00000000eb998000,0x00000000eba00000)
  to   space 512K, 0% used [0x00000000eb900000,0x00000000eb900000,0x00000000eb980000)
 ParOldGen       total 68096K, used 42161K [0x00000000c0000000, 0x00000000c4280000, 0x00000000eab00000)
  object space 68096K, 61% used [0x00000000c0000000,0x00000000c292c720,0x00000000c4280000)
 Metaspace       used 42863K, capacity 44557K, committed 44888K, reserved 1089536K
  class space    used 3924K, capacity 4559K, committed 4696K, reserved 1048576K
}
Event: 115.729 GC heap after
{Heap after GC invocations=141 (full 4):
 PSYoungGen      total 12288K, used 128K [0x00000000eab00000, 0x00000000eba00000, 0x0000000100000000)
  eden space 11776K, 0% used [0x00000000eab00000,0x00000000eab00000,0x00000000eb680000)
  from space 512K, 25% used [0x00000000eb900000,0x00000000eb920000,0x00000000eb980000)
  to   space 512K, 0% used [0x00000000eb980000,0x00000000eb980000,0x00000000eba00000)
 ParOldGen       total 68096K, used 42193K [0x00000000c0000000, 0x00000000c4280000, 0x00000000eab00000)
  object space 68096K, 61% used [0x00000000c0000000,0x00000000c2934720,0x00000000c4280000)
 Metaspace       used 42863K, capacity 44557K, committed 44888K, reserved 1089536K
  class space    used 3924K, capacity 4559K, committed 4696K, reserved 1048576K
}
Event: 115.738 GC heap before
{Heap before GC invocations=142 (full 4):
 PSYoungGen      total 12288K, used 11897K [0x00000000eab00000, 0x00000000eba00000, 0x0000000100000000)
  eden space 11776K, 99% used [0x00000000eab00000,0x00000000eb67e560,0x00000000eb680000)
  from space 512K, 25% used [0x00000000eb900000,0x00000000eb920000,0x00000000eb980000)
  to   space 512K, 0% used [0x00000000eb980000,0x00000000eb980000,0x00000000eba00000)
 ParOldGen       total 68096K, used 42193K [0x00000000c0000000, 0x00000000c4280000, 0x00000000eab00000)
  object space 68096K, 61% used [0x00000000c0000000,0x00000000c2934720,0x00000000c4280000)
 Metaspace       used 42863K, capacity 44557K, committed 44888K, reserved 1089536K
  class space    used 3924K, capacity 4559K, committed 4696K, reserved 1048576K
}
Event: 115.739 GC heap after
{Heap after GC invocations=142 (full 4):
 PSYoungGen      total 12288K, used 128K [0x00000000eab00000, 0x00000000eba00000, 0x0000000100000000)
  eden space 11776K, 0% used [0x00000000eab00000,0x00000000eab00000,0x00000000eb680000)
  from space 512K, 25% used [0x00000000eb980000,0x00000000eb9a0000,0x00000000eba00000)
  to   space 512K, 0% used [0x00000000eb900000,0x00000000eb900000,0x00000000eb980000)
 ParOldGen       total 68096K, used 42209K [0x00000000c0000000, 0x00000000c4280000, 0x00000000eab00000)
  object space 68096K, 61% used [0x00000000c0000000,0x00000000c2938720,0x00000000c4280000)
 Metaspace       used 42863K, capacity 44557K, committed 44888K, reserved 1089536K
  class space    used 3924K, capacity 4559K, committed 4696K, reserved 1048576K
}
Event: 116.177 GC heap before
{Heap before GC invocations=143 (full 4):
 PSYoungGen      total 12288K, used 11904K [0x00000000eab00000, 0x00000000eba00000, 0x0000000100000000)
  eden space 11776K, 100% used [0x00000000eab00000,0x00000000eb680000,0x00000000eb680000)
  from space 512K, 25% used [0x00000000eb980000,0x00000000eb9a0000,0x00000000eba00000)
  to   space 512K, 0% used [0x00000000eb900000,0x00000000eb900000,0x00000000eb980000)
 ParOldGen       total 68096K, used 42209K [0x00000000c0000000, 0x00000000c4280000, 0x00000000eab00000)
  object space 68096K, 61% used [0x00000000c0000000,0x00000000c2938720,0x00000000c4280000)
 Metaspace       used 42877K, capacity 44557K, committed 44888K, reserved 1089536K
  class space    used 3924K, capacity 4559K, committed 4696K, reserved 1048576K
}
Event: 116.180 GC heap after
{Heap after GC invocations=143 (full 4):
 PSYoungGen      total 12288K, used 510K [0x00000000eab00000, 0x00000000ec080000, 0x0000000100000000)
  eden space 11776K, 0% used [0x00000000eab00000,0x00000000eab00000,0x00000000eb680000)
  from space 512K, 99% used [0x00000000eb900000,0x00000000eb97fa20,0x00000000eb980000)
  to   space 5120K, 0% used [0x00000000ebb80000,0x00000000ebb80000,0x00000000ec080000)
 ParOldGen       total 68096K, used 45788K [0x00000000c0000000, 0x00000000c4280000, 0x00000000eab00000)
  object space 68096K, 67% used [0x00000000c0000000,0x00000000c2cb7300,0x00000000c4280000)
 Metaspace       used 42877K, capacity 44557K, committed 44888K, reserved 1089536K
  class space    used 3924K, capacity 4559K, committed 4696K, reserved 1048576K
}

