# JRE version: Java(TM) SE Runtime Environment (14.0.2+12) (build 14.0.2+12-46)
# Java VM: Java HotSpot(TM) 64-Bit Server VM (14.0.2+12-46, mixed mode, sharing, tiered, compressed oops, parallel gc, windows-amd64)
Heap:
 PSYoungGen      total 16896K, used 10752K [0x00000000eab00000, 0x00000000ebf00000, 0x0000000100000000)
  eden space 16384K, 64% used [0x00000000eab00000,0x00000000eb541e70,0x00000000ebb00000)
  from space 512K, 48% used [0x00000000ebe00000,0x00000000ebe3e4e0,0x00000000ebe80000)
  to   space 512K, 0% used [0x00000000ebe80000,0x00000000ebe80000,0x00000000ebf00000)
 ParOldGen       total 68608K, used 50118K [0x00000000c0000000, 0x00000000c4300000, 0x00000000eab00000)
  object space 68608K, 73% used [0x00000000c0000000,0x00000000c30f1ae8,0x00000000c4300000)
 Metaspace       used 40254K, capacity 41987K, committed 42328K, reserved 1087488K
  class space    used 3727K, capacity 4376K, committed 4480K, reserved 1048576K
GC Heap History (20 events):
Event: 243.224 GC heap before
{Heap before GC invocations=22 (full 2):
 PSYoungGen      total 20480K, used 20171K [0x00000000eab00000, 0x00000000ec380000, 0x0000000100000000)
  eden space 18944K, 100% used [0x00000000eab00000,0x00000000ebd80000,0x00000000ebd80000)
  from space 1536K, 79% used [0x00000000ebd80000,0x00000000ebeb2ea0,0x00000000ebf00000)
  to   space 2560K, 0% used [0x00000000ec100000,0x00000000ec100000,0x00000000ec380000)
 ParOldGen       total 68608K, used 38265K [0x00000000c0000000, 0x00000000c4300000, 0x00000000eab00000)
  object space 68608K, 55% used [0x00000000c0000000,0x00000000c255e638,0x00000000c4300000)
 Metaspace       used 39254K, capacity 40954K, committed 41176K, reserved 1085440K
  class space    used 3682K, capacity 4331K, committed 4352K, reserved 1048576K
}
Event: 243.228 GC heap after
{Heap after GC invocations=22 (full 2):
 PSYoungGen      total 18944K, used 2546K [0x00000000eab00000, 0x00000000ec980000, 0x0000000100000000)
  eden space 16384K, 0% used [0x00000000eab00000,0x00000000eab00000,0x00000000ebb00000)
  from space 2560K, 99% used [0x00000000ec100000,0x00000000ec37c9c0,0x00000000ec380000)
  to   space 6144K, 0% used [0x00000000ebb00000,0x00000000ebb00000,0x00000000ec100000)
 ParOldGen       total 68608K, used 40719K [0x00000000c0000000, 0x00000000c4300000, 0x00000000eab00000)
  object space 68608K, 59% used [0x00000000c0000000,0x00000000c27c3f90,0x00000000c4300000)
 Metaspace       used 39254K, capacity 40954K, committed 41176K, reserved 1085440K
  class space    used 3682K, capacity 4331K, committed 4352K, reserved 1048576K
}
Event: 244.743 GC heap before
{Heap before GC invocations=23 (full 2):
 PSYoungGen      total 18944K, used 18930K [0x00000000eab00000, 0x00000000ec980000, 0x0000000100000000)
  eden space 16384K, 100% used [0x00000000eab00000,0x00000000ebb00000,0x00000000ebb00000)
  from space 2560K, 99% used [0x00000000ec100000,0x00000000ec37c9c0,0x00000000ec380000)
  to   space 6144K, 0% used [0x00000000ebb00000,0x00000000ebb00000,0x00000000ec100000)
 ParOldGen       total 68608K, used 40719K [0x00000000c0000000, 0x00000000c4300000, 0x00000000eab00000)
  object space 68608K, 59% used [0x00000000c0000000,0x00000000c27c3f90,0x00000000c4300000)
 Metaspace       used 39322K, capacity 41019K, committed 41176K, reserved 1085440K
  class space    used 3682K, capacity 4331K, committed 4352K, reserved 1048576K
}
Event: 244.745 GC heap after
{Heap after GC invocations=23 (full 2):
 PSYoungGen      total 17408K, used 795K [0x00000000eab00000, 0x00000000ec180000, 0x0000000100000000)
  eden space 16384K, 0% used [0x00000000eab00000,0x00000000eab00000,0x00000000ebb00000)
  from space 1024K, 77% used [0x00000000ebb00000,0x00000000ebbc6eb0,0x00000000ebc00000)
  to   space 2560K, 0% used [0x00000000ebf00000,0x00000000ebf00000,0x00000000ec180000)
 ParOldGen       total 68608K, used 41609K [0x00000000c0000000, 0x00000000c4300000, 0x00000000eab00000)
  object space 68608K, 60% used [0x00000000c0000000,0x00000000c28a2430,0x00000000c4300000)
 Metaspace       used 39322K, capacity 41019K, committed 41176K, reserved 1085440K
  class space    used 3682K, capacity 4331K, committed 4352K, reserved 1048576K
}
Event: 244.949 GC heap before
{Heap before GC invocations=24 (full 2):
 PSYoungGen      total 17408K, used 17170K [0x00000000eab00000, 0x00000000ec180000, 0x0000000100000000)
  eden space 16384K, 99% used [0x00000000eab00000,0x00000000ebafdce0,0x00000000ebb00000)
  from space 1024K, 77% used [0x00000000ebb00000,0x00000000ebbc6eb0,0x00000000ebc00000)
  to   space 2560K, 0% used [0x00000000ebf00000,0x00000000ebf00000,0x00000000ec180000)
 ParOldGen       total 68608K, used 41609K [0x00000000c0000000, 0x00000000c4300000, 0x00000000eab00000)
  object space 68608K, 60% used [0x00000000c0000000,0x00000000c28a2430,0x00000000c4300000)
 Metaspace       used 39456K, capacity 41084K, committed 41176K, reserved 1085440K
  class space    used 3683K, capacity 4331K, committed 4352K, reserved 1048576K
}
Event: 244.951 GC heap after
{Heap after GC invocations=24 (full 2):
 PSYoungGen      total 18944K, used 2336K [0x00000000eab00000, 0x00000000ec180000, 0x0000000100000000)
  eden space 16384K, 0% used [0x00000000eab00000,0x00000000eab00000,0x00000000ebb00000)
  from space 2560K, 91% used [0x00000000ebf00000,0x00000000ec148010,0x00000000ec180000)
  to   space 3072K, 0% used [0x00000000ebb80000,0x00000000ebb80000,0x00000000ebe80000)
 ParOldGen       total 68608K, used 42204K [0x00000000c0000000, 0x00000000c4300000, 0x00000000eab00000)
  object space 68608K, 61% used [0x00000000c0000000,0x00000000c2937138,0x00000000c4300000)
 Metaspace       used 39456K, capacity 41084K, committed 41176K, reserved 1085440K
  class space    used 3683K, capacity 4331K, committed 4352K, reserved 1048576K
}
Event: 245.893 GC heap before
{Heap before GC invocations=25 (full 2):
 PSYoungGen      total 18944K, used 18720K [0x00000000eab00000, 0x00000000ec180000, 0x0000000100000000)
  eden space 16384K, 100% used [0x00000000eab00000,0x00000000ebb00000,0x00000000ebb00000)
  from space 2560K, 91% used [0x00000000ebf00000,0x00000000ec148010,0x00000000ec180000)
  to   space 3072K, 0% used [0x00000000ebb80000,0x00000000ebb80000,0x00000000ebe80000)
 ParOldGen       total 68608K, used 42204K [0x00000000c0000000, 0x00000000c4300000, 0x00000000eab00000)
  object space 68608K, 61% used [0x00000000c0000000,0x00000000c2937138,0x00000000c4300000)
 Metaspace       used 39521K, capacity 41148K, committed 41176K, reserved 1085440K
  class space    used 3684K, capacity 4331K, committed 4352K, reserved 1048576K
}
Event: 245.896 GC heap after
{Heap after GC invocations=25 (full 2):
 PSYoungGen      total 19456K, used 3060K [0x00000000eab00000, 0x00000000ec500000, 0x0000000100000000)
  eden space 16384K, 0% used [0x00000000eab00000,0x00000000eab00000,0x00000000ebb00000)
  from space 3072K, 99% used [0x00000000ebb80000,0x00000000ebe7d3a0,0x00000000ebe80000)
  to   space 5120K, 0% used [0x00000000ec000000,0x00000000ec000000,0x00000000ec500000)
 ParOldGen       total 68608K, used 43772K [0x00000000c0000000, 0x00000000c4300000, 0x00000000eab00000)
  object space 68608K, 63% used [0x00000000c0000000,0x00000000c2abf158,0x00000000c4300000)
 Metaspace       used 39521K, capacity 41148K, committed 41176K, reserved 1085440K
  class space    used 3684K, capacity 4331K, committed 4352K, reserved 1048576K
}
Event: 246.531 GC heap before
{Heap before GC invocations=26 (full 2):
 PSYoungGen      total 19456K, used 19444K [0x00000000eab00000, 0x00000000ec500000, 0x0000000100000000)
  eden space 16384K, 100% used [0x00000000eab00000,0x00000000ebb00000,0x00000000ebb00000)
  from space 3072K, 99% used [0x00000000ebb80000,0x00000000ebe7d3a0,0x00000000ebe80000)
  to   space 5120K, 0% used [0x00000000ec000000,0x00000000ec000000,0x00000000ec500000)
 ParOldGen       total 68608K, used 43772K [0x00000000c0000000, 0x00000000c4300000, 0x00000000eab00000)
  object space 68608K, 63% used [0x00000000c0000000,0x00000000c2abf158,0x00000000c4300000)
 Metaspace       used 39591K, capacity 41277K, committed 41432K, reserved 1087488K
  class space    used 3684K, capacity 4331K, committed 4352K, reserved 1048576K
}
Event: 246.534 GC heap after
{Heap after GC invocations=26 (full 2):
 PSYoungGen      total 16896K, used 459K [0x00000000eab00000, 0x00000000ec080000, 0x0000000100000000)
  eden space 16384K, 0% used [0x00000000eab00000,0x00000000eab00000,0x00000000ebb00000)
  from space 512K, 89% used [0x00000000ec000000,0x00000000ec072fe0,0x00000000ec080000)
  to   space 2048K, 0% used [0x00000000ebc80000,0x00000000ebc80000,0x00000000ebe80000)
 ParOldGen       total 68608K, used 46321K [0x00000000c0000000, 0x00000000c4300000, 0x00000000eab00000)
  object space 68608K, 67% used [0x00000000c0000000,0x00000000c2d3c610,0x00000000c4300000)
 Metaspace       used 39591K, capacity 41277K, committed 41432K, reserved 1087488K
  class space    used 3684K, capacity 4331K, committed 4352K, reserved 1048576K
}
Event: 247.495 GC heap before
{Heap before GC invocations=27 (full 2):
 PSYoungGen      total 16896K, used 16843K [0x00000000eab00000, 0x00000000ec080000, 0x0000000100000000)
  eden space 16384K, 100% used [0x00000000eab00000,0x00000000ebb00000,0x00000000ebb00000)
  from space 512K, 89% used [0x00000000ec000000,0x00000000ec072fe0,0x00000000ec080000)
  to   space 2048K, 0% used [0x00000000ebc80000,0x00000000ebc80000,0x00000000ebe80000)
 ParOldGen       total 68608K, used 46321K [0x00000000c0000000, 0x00000000c4300000, 0x00000000eab00000)
  object space 68608K, 67% used [0x00000000c0000000,0x00000000c2d3c610,0x00000000c4300000)
 Metaspace       used 39778K, capacity 41420K, committed 41688K, reserved 1087488K
  class space    used 3704K, capacity 4336K, committed 4352K, reserved 1048576K
}
Event: 247.498 GC heap after
{Heap after GC invocations=27 (full 2):
 PSYoungGen      total 18432K, used 2046K [0x00000000eab00000, 0x00000000ec300000, 0x0000000100000000)
  eden space 16384K, 0% used [0x00000000eab00000,0x00000000eab00000,0x00000000ebb00000)
  from space 2048K, 99% used [0x00000000ebc80000,0x00000000ebe7f998,0x00000000ebe80000)
  to   space 4096K, 0% used [0x00000000ebf00000,0x00000000ebf00000,0x00000000ec300000)
 ParOldGen       total 68608K, used 47390K [0x00000000c0000000, 0x00000000c4300000, 0x00000000eab00000)
  object space 68608K, 69% used [0x00000000c0000000,0x00000000c2e47808,0x00000000c4300000)
 Metaspace       used 39778K, capacity 41420K, committed 41688K, reserved 1087488K
  class space    used 3704K, capacity 4336K, committed 4352K, reserved 1048576K
}
Event: 247.605 GC heap before
{Heap before GC invocations=28 (full 2):
 PSYoungGen      total 18432K, used 18430K [0x00000000eab00000, 0x00000000ec300000, 0x0000000100000000)
  eden space 16384K, 100% used [0x00000000eab00000,0x00000000ebb00000,0x00000000ebb00000)
  from space 2048K, 99% used [0x00000000ebc80000,0x00000000ebe7f998,0x00000000ebe80000)
  to   space 4096K, 0% used [0x00000000ebf00000,0x00000000ebf00000,0x00000000ec300000)
 ParOldGen       total 68608K, used 47390K [0x00000000c0000000, 0x00000000c4300000, 0x00000000eab00000)
  object space 68608K, 69% used [0x00000000c0000000,0x00000000c2e47808,0x00000000c4300000)
 Metaspace       used 39858K, capacity 41484K, committed 41688K, reserved 1087488K
  class space    used 3704K, capacity 4336K, committed 4352K, reserved 1048576K
}
Event: 247.607 GC heap after
{Heap after GC invocations=28 (full 2):
 PSYoungGen      total 17408K, used 576K [0x00000000eab00000, 0x00000000ec000000, 0x0000000100000000)
  eden space 16384K, 0% used [0x00000000eab00000,0x00000000eab00000,0x00000000ebb00000)
  from space 1024K, 56% used [0x00000000ebf00000,0x00000000ebf90010,0x00000000ec000000)
  to   space 1536K, 0% used [0x00000000ebd00000,0x00000000ebd00000,0x00000000ebe80000)
 ParOldGen       total 68608K, used 49356K [0x00000000c0000000, 0x00000000c4300000, 0x00000000eab00000)
  object space 68608K, 71% used [0x00000000c0000000,0x00000000c30330f8,0x00000000c4300000)
 Metaspace       used 39858K, capacity 41484K, committed 41688K, reserved 1087488K
  class space    used 3704K, capacity 4336K, committed 4352K, reserved 1048576K
}
Event: 250.453 GC heap before
{Heap before GC invocations=29 (full 2):
 PSYoungGen      total 17408K, used 16960K [0x00000000eab00000, 0x00000000ec000000, 0x0000000100000000)
  eden space 16384K, 100% used [0x00000000eab00000,0x00000000ebb00000,0x00000000ebb00000)
  from space 1024K, 56% used [0x00000000ebf00000,0x00000000ebf90010,0x00000000ec000000)
  to   space 1536K, 0% used [0x00000000ebd00000,0x00000000ebd00000,0x00000000ebe80000)
 ParOldGen       total 68608K, used 49356K [0x00000000c0000000, 0x00000000c4300000, 0x00000000eab00000)
  object space 68608K, 71% used [0x00000000c0000000,0x00000000c30330f8,0x00000000c4300000)
 Metaspace       used 39920K, capacity 41548K, committed 41688K, reserved 1087488K
  class space    used 3704K, capacity 4336K, committed 4352K, reserved 1048576K
}
Event: 250.456 GC heap after
{Heap after GC invocations=29 (full 2):
 PSYoungGen      total 17920K, used 1177K [0x00000000eab00000, 0x00000000ebf80000, 0x0000000100000000)
  eden space 16384K, 0% used [0x00000000eab00000,0x00000000eab00000,0x00000000ebb00000)
  from space 1536K, 76% used [0x00000000ebd00000,0x00000000ebe264e0,0x00000000ebe80000)
  to   space 1024K, 0% used [0x00000000ebe80000,0x00000000ebe80000,0x00000000ebf80000)
 ParOldGen       total 68608K, used 49836K [0x00000000c0000000, 0x00000000c4300000, 0x00000000eab00000)
  object space 68608K, 72% used [0x00000000c0000000,0x00000000c30ab128,0x00000000c4300000)
 Metaspace       used 39920K, capacity 41548K, committed 41688K, reserved 1087488K
  class space    used 3704K, capacity 4336K, committed 4352K, reserved 1048576K
}
Event: 325.762 GC heap before
{Heap before GC invocations=30 (full 2):
 PSYoungGen      total 17920K, used 17487K [0x00000000eab00000, 0x00000000ebf80000, 0x0000000100000000)
  eden space 16384K, 99% used [0x00000000eab00000,0x00000000ebaed880,0x00000000ebb00000)
  from space 1536K, 76% used [0x00000000ebd00000,0x00000000ebe264e0,0x00000000ebe80000)
  to   space 1024K, 0% used [0x00000000ebe80000,0x00000000ebe80000,0x00000000ebf80000)
 ParOldGen       total 68608K, used 49836K [0x00000000c0000000, 0x00000000c4300000, 0x00000000eab00000)
  object space 68608K, 72% used [0x00000000c0000000,0x00000000c30ab128,0x00000000c4300000)
 Metaspace       used 39944K, capacity 41548K, committed 41688K, reserved 1087488K
  class space    used 3704K, capacity 4336K, committed 4352K, reserved 1048576K
}
Event: 325.763 GC heap after
{Heap after GC invocations=30 (full 2):
 PSYoungGen      total 16896K, used 96K [0x00000000eab00000, 0x00000000ebf00000, 0x0000000100000000)
  eden space 16384K, 0% used [0x00000000eab00000,0x00000000eab00000,0x00000000ebb00000)
  from space 512K, 18% used [0x00000000ebe80000,0x00000000ebe98000,0x00000000ebf00000)
  to   space 512K, 0% used [0x00000000ebe00000,0x00000000ebe00000,0x00000000ebe80000)
 ParOldGen       total 68608K, used 50102K [0x00000000c0000000, 0x00000000c4300000, 0x00000000eab00000)
  object space 68608K, 73% used [0x00000000c0000000,0x00000000c30edae8,0x00000000c4300000)
 Metaspace       used 39944K, capacity 41548K, committed 41688K, reserved 1087488K
  class space    used 3704K, capacity 4336K, committed 4352K, reserved 1048576K
}
Event: 372.151 GC heap before
{Heap before GC invocations=31 (full 2):
 PSYoungGen      total 16896K, used 16480K [0x00000000eab00000, 0x00000000ebf00000, 0x0000000100000000)
  eden space 16384K, 100% used [0x00000000eab00000,0x00000000ebb00000,0x00000000ebb00000)
  from space 512K, 18% used [0x00000000ebe80000,0x00000000ebe98000,0x00000000ebf00000)
  to   space 512K, 0% used [0x00000000ebe00000,0x00000000ebe00000,0x00000000ebe80000)
 ParOldGen       total 68608K, used 50102K [0x00000000c0000000, 0x00000000c4300000, 0x00000000eab00000)
  object space 68608K, 73% used [0x00000000c0000000,0x00000000c30edae8,0x00000000c4300000)
 Metaspace       used 40077K, capacity 41783K, committed 42072K, reserved 1087488K
  class space    used 3713K, capacity 4372K, committed 4480K, reserved 1048576K
}
Event: 372.153 GC heap after
{Heap after GC invocations=31 (full 2):
 PSYoungGen      total 16896K, used 249K [0x00000000eab00000, 0x00000000ebf00000, 0x0000000100000000)
  eden space 16384K, 0% used [0x00000000eab00000,0x00000000eab00000,0x00000000ebb00000)
  from space 512K, 48% used [0x00000000ebe00000,0x00000000ebe3e4e0,0x00000000ebe80000)
  to   space 512K, 0% used [0x00000000ebe80000,0x00000000ebe80000,0x00000000ebf00000)
 ParOldGen       total 68608K, used 50118K [0x00000000c0000000, 0x00000000c4300000, 0x00000000eab00000)
  object space 68608K, 73% used [0x00000000c0000000,0x00000000c30f1ae8,0x00000000c4300000)
 Metaspace       used 40077K, capacity 41783K, committed 42072K, reserved 1087488K
  class space    used 3713K, capacity 4372K, committed 4480K, reserved 1048576K
}

