# JRE version: Java(TM) SE Runtime Environment (14.0.2+12) (build 14.0.2+12-46)
# Java VM: Java HotSpot(TM) 64-Bit Server VM (14.0.2+12-46, mixed mode, sharing, tiered, compressed oops, g1 gc, windows-amd64)
Heap:
 garbage-first heap   total 262144K, used 165107K [0x00000000e0000000, 0x0000000100000000)
  region size 1024K, 104 young (106496K), 17 survivors (17408K)
 Metaspace       used 64029K, capacity 65889K, committed 66080K, reserved 311296K
  class space    used 8369K, capacity 9058K, committed 9088K, reserved 253952K
GC Heap History (20 events):
Event: 0.341 GC heap before
{Heap before GC invocations=0 (full 0):
 garbage-first heap   total 262144K, used 18432K [0x00000000e0000000, 0x0000000100000000)
  region size 1024K, 13 young (13312K), 0 survivors (0K)
 Metaspace       used 1854K, capacity 5351K, committed 5504K, reserved 262144K
  class space    used 197K, capacity 548K, committed 640K, reserved 253952K
}
Event: 0.344 GC heap after
{Heap after GC invocations=1 (full 0):
 garbage-first heap   total 262144K, used 7985K [0x00000000e0000000, 0x0000000100000000)
  region size 1024K, 2 young (2048K), 2 survivors (2048K)
 Metaspace       used 1854K, capacity 5351K, committed 5504K, reserved 262144K
  class space    used 197K, capacity 548K, committed 640K, reserved 253952K
}
Event: 0.535 GC heap before
{Heap before GC invocations=1 (full 0):
 garbage-first heap   total 262144K, used 20273K [0x00000000e0000000, 0x0000000100000000)
  region size 1024K, 15 young (15360K), 2 survivors (2048K)
 Metaspace       used 4034K, capacity 6750K, committed 7040K, reserved 262144K
  class space    used 517K, capacity 803K, committed 896K, reserved 253952K
}
Event: 0.537 GC heap after
{Heap after GC invocations=2 (full 0):
 garbage-first heap   total 262144K, used 8854K [0x00000000e0000000, 0x0000000100000000)
  region size 1024K, 1 young (1024K), 1 survivors (1024K)
 Metaspace       used 4034K, capacity 6750K, committed 7040K, reserved 262144K
  class space    used 517K, capacity 803K, committed 896K, reserved 253952K
}
Event: 0.676 GC heap before
{Heap before GC invocations=2 (full 0):
 garbage-first heap   total 262144K, used 31382K [0x00000000e0000000, 0x0000000100000000)
  region size 1024K, 24 young (24576K), 1 survivors (1024K)
 Metaspace       used 4166K, capacity 6750K, committed 7040K, reserved 262144K
  class space    used 519K, capacity 803K, committed 896K, reserved 253952K
}
Event: 0.678 GC heap after
{Heap after GC invocations=3 (full 0):
 garbage-first heap   total 262144K, used 12932K [0x00000000e0000000, 0x0000000100000000)
  region size 1024K, 3 young (3072K), 3 survivors (3072K)
 Metaspace       used 4166K, capacity 6750K, committed 7040K, reserved 262144K
  class space    used 519K, capacity 803K, committed 896K, reserved 253952K
}
Event: 2.468 GC heap before
{Heap before GC invocations=3 (full 0):
 garbage-first heap   total 262144K, used 147076K [0x00000000e0000000, 0x0000000100000000)
  region size 1024K, 135 young (138240K), 3 survivors (3072K)
 Metaspace       used 20466K, capacity 21070K, committed 21248K, reserved 272384K
  class space    used 3096K, capacity 3328K, committed 3328K, reserved 253952K
}
Event: 2.476 GC heap after
{Heap after GC invocations=4 (full 0):
 garbage-first heap   total 262144K, used 18613K [0x00000000e0000000, 0x0000000100000000)
  region size 1024K, 9 young (9216K), 9 survivors (9216K)
 Metaspace       used 20466K, capacity 21070K, committed 21248K, reserved 272384K
  class space    used 3096K, capacity 3328K, committed 3328K, reserved 253952K
}
Event: 3.503 GC heap before
{Heap before GC invocations=5 (full 0):
 garbage-first heap   total 262144K, used 114869K [0x00000000e0000000, 0x0000000100000000)
  region size 1024K, 101 young (103424K), 9 survivors (9216K)
 Metaspace       used 34594K, capacity 35446K, committed 35584K, reserved 284672K
  class space    used 4815K, capacity 5116K, committed 5120K, reserved 253952K
}
Event: 3.512 GC heap after
{Heap after GC invocations=6 (full 0):
 garbage-first heap   total 262144K, used 24196K [0x00000000e0000000, 0x0000000100000000)
  region size 1024K, 14 young (14336K), 14 survivors (14336K)
 Metaspace       used 34594K, capacity 35446K, committed 35584K, reserved 284672K
  class space    used 4815K, capacity 5116K, committed 5120K, reserved 253952K
}
Event: 4.485 GC heap before
{Heap before GC invocations=7 (full 0):
 garbage-first heap   total 262144K, used 166532K [0x00000000e0000000, 0x0000000100000000)
  region size 1024K, 153 young (156672K), 14 survivors (14336K)
 Metaspace       used 40907K, capacity 42184K, committed 42360K, reserved 290816K
  class space    used 5765K, capacity 6223K, committed 6272K, reserved 253952K
}
Event: 4.504 GC heap after
{Heap after GC invocations=8 (full 0):
 garbage-first heap   total 262144K, used 35077K [0x00000000e0000000, 0x0000000100000000)
  region size 1024K, 17 young (17408K), 17 survivors (17408K)
 Metaspace       used 40907K, capacity 42184K, committed 42360K, reserved 290816K
  class space    used 5765K, capacity 6223K, committed 6272K, reserved 253952K
}
Event: 51.783 GC heap before
{Heap before GC invocations=8 (full 0):
 garbage-first heap   total 262144K, used 182533K [0x00000000e0000000, 0x0000000100000000)
  region size 1024K, 153 young (156672K), 17 survivors (17408K)
 Metaspace       used 56456K, capacity 58210K, committed 58360K, reserved 305152K
  class space    used 7733K, capacity 8420K, committed 8448K, reserved 253952K
}
Event: 51.802 GC heap after
{Heap after GC invocations=9 (full 0):
 garbage-first heap   total 262144K, used 47233K [0x00000000e0000000, 0x0000000100000000)
  region size 1024K, 10 young (10240K), 10 survivors (10240K)
 Metaspace       used 56456K, capacity 58210K, committed 58360K, reserved 305152K
  class space    used 7733K, capacity 8420K, committed 8448K, reserved 253952K
}
Event: 52.900 GC heap before
{Heap before GC invocations=9 (full 0):
 garbage-first heap   total 262144K, used 163969K [0x00000000e0000000, 0x0000000100000000)
  region size 1024K, 111 young (113664K), 10 survivors (10240K)
 Metaspace       used 58063K, capacity 59792K, committed 59936K, reserved 307200K
  class space    used 7830K, capacity 8523K, committed 8576K, reserved 253952K
}
Event: 52.919 GC heap after
{Heap after GC invocations=10 (full 0):
 garbage-first heap   total 262144K, used 58879K [0x00000000e0000000, 0x0000000100000000)
  region size 1024K, 20 young (20480K), 20 survivors (20480K)
 Metaspace       used 58063K, capacity 59792K, committed 59936K, reserved 307200K
  class space    used 7830K, capacity 8523K, committed 8576K, reserved 253952K
}
Event: 55.991 GC heap before
{Heap before GC invocations=11 (full 0):
 garbage-first heap   total 262144K, used 198143K [0x00000000e0000000, 0x0000000100000000)
  region size 1024K, 153 young (156672K), 20 survivors (20480K)
 Metaspace       used 62317K, capacity 64164K, committed 64416K, reserved 311296K
  class space    used 8229K, capacity 8947K, committed 8960K, reserved 253952K
}
Event: 56.011 GC heap after
{Heap after GC invocations=12 (full 0):
 garbage-first heap   total 262144K, used 62807K [0x00000000e0000000, 0x0000000100000000)
  region size 1024K, 8 young (8192K), 8 survivors (8192K)
 Metaspace       used 62317K, capacity 64164K, committed 64416K, reserved 311296K
  class space    used 8229K, capacity 8947K, committed 8960K, reserved 253952K
}
Event: 90.001 GC heap before
{Heap before GC invocations=12 (full 0):
 garbage-first heap   total 262144K, used 214359K [0x00000000e0000000, 0x0000000100000000)
  region size 1024K, 142 young (145408K), 8 survivors (8192K)
 Metaspace       used 63966K, capacity 65795K, committed 66080K, reserved 311296K
  class space    used 8366K, capacity 9053K, committed 9088K, reserved 253952K
}
Event: 90.013 GC heap after
{Heap after GC invocations=13 (full 0):
 garbage-first heap   total 262144K, used 78067K [0x00000000e0000000, 0x0000000100000000)
  region size 1024K, 17 young (17408K), 17 survivors (17408K)
 Metaspace       used 63966K, capacity 65795K, committed 66080K, reserved 311296K
  class space    used 8366K, capacity 9053K, committed 9088K, reserved 253952K
}

