# JRE version: Java(TM) SE Runtime Environment (14.0.2+12) (build 14.0.2+12-46)
# Java VM: Java HotSpot(TM) 64-Bit Server VM (14.0.2+12-46, mixed mode, sharing, tiered, compressed oops, parallel gc, windows-amd64)
Heap:
 PSYoungGen      total 23552K, used 16915K [0x00000000eab00000, 0x00000000ecf80000, 0x0000000100000000)
  eden space 20480K, 82% used [0x00000000eab00000,0x00000000ebb84c98,0x00000000ebf00000)
  from space 3072K, 0% used [0x00000000ec680000,0x00000000ec680000,0x00000000ec980000)
  to   space 7680K, 0% used [0x00000000ebf00000,0x00000000ebf00000,0x00000000ec680000)
 ParOldGen       total 68608K, used 28538K [0x00000000c0000000, 0x00000000c4300000, 0x00000000eab00000)
  object space 68608K, 41% used [0x00000000c0000000,0x00000000c1bde8e8,0x00000000c4300000)
 Metaspace       used 35749K, capacity 37348K, committed 37592K, reserved 1083392K
  class space    used 3434K, capacity 3989K, committed 4096K, reserved 1048576K
GC Heap History (20 events):
Event: 3.088 GC heap before
{Heap before GC invocations=5 (full 1):
 PSYoungGen      total 29696K, used 25600K [0x00000000eab00000, 0x00000000ecc00000, 0x0000000100000000)
  eden space 25600K, 100% used [0x00000000eab00000,0x00000000ec400000,0x00000000ec400000)
  from space 4096K, 0% used [0x00000000ec400000,0x00000000ec400000,0x00000000ec800000)
  to   space 4096K, 0% used [0x00000000ec800000,0x00000000ec800000,0x00000000ecc00000)
 ParOldGen       total 68608K, used 7283K [0x00000000c0000000, 0x00000000c4300000, 0x00000000eab00000)
  object space 68608K, 10% used [0x00000000c0000000,0x00000000c071cc78,0x00000000c4300000)
 Metaspace       used 26141K, capacity 27728K, committed 27776K, reserved 1073152K
  class space    used 2599K, capacity 3191K, committed 3200K, reserved 1048576K
}
Event: 3.090 GC heap after
{Heap after GC invocations=5 (full 1):
 PSYoungGen      total 29696K, used 2939K [0x00000000eab00000, 0x00000000ecc00000, 0x0000000100000000)
  eden space 25600K, 0% used [0x00000000eab00000,0x00000000eab00000,0x00000000ec400000)
  from space 4096K, 71% used [0x00000000ec800000,0x00000000ecadee10,0x00000000ecc00000)
  to   space 4096K, 0% used [0x00000000ec400000,0x00000000ec400000,0x00000000ec800000)
 ParOldGen       total 68608K, used 7291K [0x00000000c0000000, 0x00000000c4300000, 0x00000000eab00000)
  object space 68608K, 10% used [0x00000000c0000000,0x00000000c071ec78,0x00000000c4300000)
 Metaspace       used 26141K, capacity 27728K, committed 27776K, reserved 1073152K
  class space    used 2599K, capacity 3191K, committed 3200K, reserved 1048576K
}
Event: 3.163 GC heap before
{Heap before GC invocations=6 (full 1):
 PSYoungGen      total 29696K, used 28539K [0x00000000eab00000, 0x00000000ecc00000, 0x0000000100000000)
  eden space 25600K, 100% used [0x00000000eab00000,0x00000000ec400000,0x00000000ec400000)
  from space 4096K, 71% used [0x00000000ec800000,0x00000000ecadee10,0x00000000ecc00000)
  to   space 4096K, 0% used [0x00000000ec400000,0x00000000ec400000,0x00000000ec800000)
 ParOldGen       total 68608K, used 7291K [0x00000000c0000000, 0x00000000c4300000, 0x00000000eab00000)
  object space 68608K, 10% used [0x00000000c0000000,0x00000000c071ec78,0x00000000c4300000)
 Metaspace       used 26303K, capacity 27883K, committed 28032K, reserved 1075200K
  class space    used 2615K, capacity 3200K, committed 3200K, reserved 1048576K
}
Event: 3.166 GC heap after
{Heap after GC invocations=6 (full 1):
 PSYoungGen      total 29184K, used 4092K [0x00000000eab00000, 0x00000000ece80000, 0x0000000100000000)
  eden space 25088K, 0% used [0x00000000eab00000,0x00000000eab00000,0x00000000ec380000)
  from space 4096K, 99% used [0x00000000ec400000,0x00000000ec7ff280,0x00000000ec800000)
  to   space 5632K, 0% used [0x00000000ec900000,0x00000000ec900000,0x00000000ece80000)
 ParOldGen       total 68608K, used 8075K [0x00000000c0000000, 0x00000000c4300000, 0x00000000eab00000)
  object space 68608K, 11% used [0x00000000c0000000,0x00000000c07e2c78,0x00000000c4300000)
 Metaspace       used 26303K, capacity 27883K, committed 28032K, reserved 1075200K
  class space    used 2615K, capacity 3200K, committed 3200K, reserved 1048576K
}
Event: 3.210 GC heap before
{Heap before GC invocations=7 (full 1):
 PSYoungGen      total 29184K, used 29180K [0x00000000eab00000, 0x00000000ece80000, 0x0000000100000000)
  eden space 25088K, 100% used [0x00000000eab00000,0x00000000ec380000,0x00000000ec380000)
  from space 4096K, 99% used [0x00000000ec400000,0x00000000ec7ff280,0x00000000ec800000)
  to   space 5632K, 0% used [0x00000000ec900000,0x00000000ec900000,0x00000000ece80000)
 ParOldGen       total 68608K, used 8075K [0x00000000c0000000, 0x00000000c4300000, 0x00000000eab00000)
  object space 68608K, 11% used [0x00000000c0000000,0x00000000c07e2c78,0x00000000c4300000)
 Metaspace       used 26340K, capacity 27947K, committed 28032K, reserved 1075200K
  class space    used 2616K, capacity 3200K, committed 3200K, reserved 1048576K
}
Event: 3.215 GC heap after
{Heap after GC invocations=7 (full 1):
 PSYoungGen      total 29696K, used 5610K [0x00000000eab00000, 0x00000000ed000000, 0x0000000100000000)
  eden space 24064K, 0% used [0x00000000eab00000,0x00000000eab00000,0x00000000ec280000)
  from space 5632K, 99% used [0x00000000ec900000,0x00000000ece7aaf0,0x00000000ece80000)
  to   space 6656K, 0% used [0x00000000ec280000,0x00000000ec280000,0x00000000ec900000)
 ParOldGen       total 68608K, used 8555K [0x00000000c0000000, 0x00000000c4300000, 0x00000000eab00000)
  object space 68608K, 12% used [0x00000000c0000000,0x00000000c085ac88,0x00000000c4300000)
 Metaspace       used 26340K, capacity 27947K, committed 28032K, reserved 1075200K
  class space    used 2616K, capacity 3200K, committed 3200K, reserved 1048576K
}
Event: 3.266 GC heap before
{Heap before GC invocations=8 (full 1):
 PSYoungGen      total 29696K, used 29674K [0x00000000eab00000, 0x00000000ed000000, 0x0000000100000000)
  eden space 24064K, 100% used [0x00000000eab00000,0x00000000ec280000,0x00000000ec280000)
  from space 5632K, 99% used [0x00000000ec900000,0x00000000ece7aaf0,0x00000000ece80000)
  to   space 6656K, 0% used [0x00000000ec280000,0x00000000ec280000,0x00000000ec900000)
 ParOldGen       total 68608K, used 8555K [0x00000000c0000000, 0x00000000c4300000, 0x00000000eab00000)
  object space 68608K, 12% used [0x00000000c0000000,0x00000000c085ac88,0x00000000c4300000)
 Metaspace       used 26459K, capacity 28011K, committed 28032K, reserved 1075200K
  class space    used 2627K, capacity 3200K, committed 3200K, reserved 1048576K
}
Event: 3.271 GC heap after
{Heap after GC invocations=8 (full 1):
 PSYoungGen      total 30208K, used 6635K [0x00000000eab00000, 0x00000000ed200000, 0x0000000100000000)
  eden space 23552K, 0% used [0x00000000eab00000,0x00000000eab00000,0x00000000ec200000)
  from space 6656K, 99% used [0x00000000ec280000,0x00000000ec8faee0,0x00000000ec900000)
  to   space 8192K, 0% used [0x00000000eca00000,0x00000000eca00000,0x00000000ed200000)
 ParOldGen       total 68608K, used 9368K [0x00000000c0000000, 0x00000000c4300000, 0x00000000eab00000)
  object space 68608K, 13% used [0x00000000c0000000,0x00000000c0926360,0x00000000c4300000)
 Metaspace       used 26459K, capacity 28011K, committed 28032K, reserved 1075200K
  class space    used 2627K, capacity 3200K, committed 3200K, reserved 1048576K
}
Event: 3.302 GC heap before
{Heap before GC invocations=9 (full 1):
 PSYoungGen      total 30208K, used 30187K [0x00000000eab00000, 0x00000000ed200000, 0x0000000100000000)
  eden space 23552K, 100% used [0x00000000eab00000,0x00000000ec200000,0x00000000ec200000)
  from space 6656K, 99% used [0x00000000ec280000,0x00000000ec8faee0,0x00000000ec900000)
  to   space 8192K, 0% used [0x00000000eca00000,0x00000000eca00000,0x00000000ed200000)
 ParOldGen       total 68608K, used 9368K [0x00000000c0000000, 0x00000000c4300000, 0x00000000eab00000)
  object space 68608K, 13% used [0x00000000c0000000,0x00000000c0926360,0x00000000c4300000)
 Metaspace       used 26467K, capacity 28075K, committed 28288K, reserved 1075200K
  class space    used 2629K, capacity 3200K, committed 3200K, reserved 1048576K
}
Event: 3.307 GC heap after
{Heap after GC invocations=9 (full 1):
 PSYoungGen      total 30720K, used 7188K [0x00000000eab00000, 0x00000000ed180000, 0x0000000100000000)
  eden space 23040K, 0% used [0x00000000eab00000,0x00000000eab00000,0x00000000ec180000)
  from space 7680K, 93% used [0x00000000eca00000,0x00000000ed1051a0,0x00000000ed180000)
  to   space 7680K, 0% used [0x00000000ec280000,0x00000000ec280000,0x00000000eca00000)
 ParOldGen       total 68608K, used 11288K [0x00000000c0000000, 0x00000000c4300000, 0x00000000eab00000)
  object space 68608K, 16% used [0x00000000c0000000,0x00000000c0b06358,0x00000000c4300000)
 Metaspace       used 26467K, capacity 28075K, committed 28288K, reserved 1075200K
  class space    used 2629K, capacity 3200K, committed 3200K, reserved 1048576K
}
Event: 3.335 GC heap before
{Heap before GC invocations=10 (full 1):
 PSYoungGen      total 30720K, used 30228K [0x00000000eab00000, 0x00000000ed180000, 0x0000000100000000)
  eden space 23040K, 100% used [0x00000000eab00000,0x00000000ec180000,0x00000000ec180000)
  from space 7680K, 93% used [0x00000000eca00000,0x00000000ed1051a0,0x00000000ed180000)
  to   space 7680K, 0% used [0x00000000ec280000,0x00000000ec280000,0x00000000eca00000)
 ParOldGen       total 68608K, used 11288K [0x00000000c0000000, 0x00000000c4300000, 0x00000000eab00000)
  object space 68608K, 16% used [0x00000000c0000000,0x00000000c0b06358,0x00000000c4300000)
 Metaspace       used 26467K, capacity 28075K, committed 28288K, reserved 1075200K
  class space    used 2629K, capacity 3200K, committed 3200K, reserved 1048576K
}
Event: 3.340 GC heap after
{Heap after GC invocations=10 (full 1):
 PSYoungGen      total 29184K, used 6272K [0x00000000eab00000, 0x00000000ece00000, 0x0000000100000000)
  eden space 22528K, 0% used [0x00000000eab00000,0x00000000eab00000,0x00000000ec100000)
  from space 6656K, 94% used [0x00000000ec280000,0x00000000ec8a0020,0x00000000ec900000)
  to   space 5120K, 0% used [0x00000000ec900000,0x00000000ec900000,0x00000000ece00000)
 ParOldGen       total 68608K, used 14269K [0x00000000c0000000, 0x00000000c4300000, 0x00000000eab00000)
  object space 68608K, 20% used [0x00000000c0000000,0x00000000c0def4d8,0x00000000c4300000)
 Metaspace       used 26467K, capacity 28075K, committed 28288K, reserved 1075200K
  class space    used 2629K, capacity 3200K, committed 3200K, reserved 1048576K
}
Event: 3.367 GC heap before
{Heap before GC invocations=11 (full 1):
 PSYoungGen      total 29184K, used 28800K [0x00000000eab00000, 0x00000000ece00000, 0x0000000100000000)
  eden space 22528K, 100% used [0x00000000eab00000,0x00000000ec100000,0x00000000ec100000)
  from space 6656K, 94% used [0x00000000ec280000,0x00000000ec8a0020,0x00000000ec900000)
  to   space 5120K, 0% used [0x00000000ec900000,0x00000000ec900000,0x00000000ece00000)
 ParOldGen       total 68608K, used 14269K [0x00000000c0000000, 0x00000000c4300000, 0x00000000eab00000)
  object space 68608K, 20% used [0x00000000c0000000,0x00000000c0def4d8,0x00000000c4300000)
 Metaspace       used 26467K, capacity 28075K, committed 28288K, reserved 1075200K
  class space    used 2629K, capacity 3200K, committed 3200K, reserved 1048576K
}
Event: 3.372 GC heap after
{Heap after GC invocations=11 (full 1):
 PSYoungGen      total 26112K, used 4000K [0x00000000eab00000, 0x00000000ecd00000, 0x0000000100000000)
  eden space 22016K, 0% used [0x00000000eab00000,0x00000000eab00000,0x00000000ec080000)
  from space 4096K, 97% used [0x00000000ec900000,0x00000000ecce8010,0x00000000ecd00000)
  to   space 5120K, 0% used [0x00000000ec300000,0x00000000ec300000,0x00000000ec800000)
 ParOldGen       total 68608K, used 18322K [0x00000000c0000000, 0x00000000c4300000, 0x00000000eab00000)
  object space 68608K, 26% used [0x00000000c0000000,0x00000000c11e4840,0x00000000c4300000)
 Metaspace       used 26467K, capacity 28075K, committed 28288K, reserved 1075200K
  class space    used 2629K, capacity 3200K, committed 3200K, reserved 1048576K
}
Event: 4.596 GC heap before
{Heap before GC invocations=12 (full 1):
 PSYoungGen      total 26112K, used 26016K [0x00000000eab00000, 0x00000000ecd00000, 0x0000000100000000)
  eden space 22016K, 100% used [0x00000000eab00000,0x00000000ec080000,0x00000000ec080000)
  from space 4096K, 97% used [0x00000000ec900000,0x00000000ecce8010,0x00000000ecd00000)
  to   space 5120K, 0% used [0x00000000ec300000,0x00000000ec300000,0x00000000ec800000)
 ParOldGen       total 68608K, used 18322K [0x00000000c0000000, 0x00000000c4300000, 0x00000000eab00000)
  object space 68608K, 26% used [0x00000000c0000000,0x00000000c11e4840,0x00000000c4300000)
 Metaspace       used 31045K, capacity 32739K, committed 33024K, reserved 1079296K
  class space    used 3111K, capacity 3713K, committed 3840K, reserved 1048576K
}
Event: 4.601 GC heap after
{Heap after GC invocations=12 (full 1):
 PSYoungGen      total 25600K, used 3096K [0x00000000eab00000, 0x00000000ec980000, 0x0000000100000000)
  eden space 22016K, 0% used [0x00000000eab00000,0x00000000eab00000,0x00000000ec080000)
  from space 3584K, 86% used [0x00000000ec300000,0x00000000ec606328,0x00000000ec680000)
  to   space 3072K, 0% used [0x00000000ec680000,0x00000000ec680000,0x00000000ec980000)
 ParOldGen       total 68608K, used 22280K [0x00000000c0000000, 0x00000000c4300000, 0x00000000eab00000)
  object space 68608K, 32% used [0x00000000c0000000,0x00000000c15c20d0,0x00000000c4300000)
 Metaspace       used 31045K, capacity 32739K, committed 33024K, reserved 1079296K
  class space    used 3111K, capacity 3713K, committed 3840K, reserved 1048576K
}
Event: 4.965 GC heap before
{Heap before GC invocations=13 (full 1):
 PSYoungGen      total 25600K, used 20006K [0x00000000eab00000, 0x00000000ec980000, 0x0000000100000000)
  eden space 22016K, 76% used [0x00000000eab00000,0x00000000ebb83568,0x00000000ec080000)
  from space 3584K, 86% used [0x00000000ec300000,0x00000000ec606328,0x00000000ec680000)
  to   space 3072K, 0% used [0x00000000ec680000,0x00000000ec680000,0x00000000ec980000)
 ParOldGen       total 68608K, used 22280K [0x00000000c0000000, 0x00000000c4300000, 0x00000000eab00000)
  object space 68608K, 32% used [0x00000000c0000000,0x00000000c15c20d0,0x00000000c4300000)
 Metaspace       used 33631K, capacity 35253K, committed 35416K, reserved 1081344K
  class space    used 3299K, capacity 3889K, committed 3968K, reserved 1048576K
}
Event: 4.971 GC heap after
{Heap after GC invocations=13 (full 1):
 PSYoungGen      total 23552K, used 3059K [0x00000000eab00000, 0x00000000ecf80000, 0x0000000100000000)
  eden space 20480K, 0% used [0x00000000eab00000,0x00000000eab00000,0x00000000ebf00000)
  from space 3072K, 99% used [0x00000000ec680000,0x00000000ec97ce28,0x00000000ec980000)
  to   space 7680K, 0% used [0x00000000ebf00000,0x00000000ebf00000,0x00000000ec680000)
 ParOldGen       total 68608K, used 25902K [0x00000000c0000000, 0x00000000c4300000, 0x00000000eab00000)
  object space 68608K, 37% used [0x00000000c0000000,0x00000000c194ba60,0x00000000c4300000)
 Metaspace       used 33631K, capacity 35253K, committed 35416K, reserved 1081344K
  class space    used 3299K, capacity 3889K, committed 3968K, reserved 1048576K
}
Event: 4.971 GC heap before
{Heap before GC invocations=14 (full 2):
 PSYoungGen      total 23552K, used 3059K [0x00000000eab00000, 0x00000000ecf80000, 0x0000000100000000)
  eden space 20480K, 0% used [0x00000000eab00000,0x00000000eab00000,0x00000000ebf00000)
  from space 3072K, 99% used [0x00000000ec680000,0x00000000ec97ce28,0x00000000ec980000)
  to   space 7680K, 0% used [0x00000000ebf00000,0x00000000ebf00000,0x00000000ec680000)
 ParOldGen       total 68608K, used 25902K [0x00000000c0000000, 0x00000000c4300000, 0x00000000eab00000)
  object space 68608K, 37% used [0x00000000c0000000,0x00000000c194ba60,0x00000000c4300000)
 Metaspace       used 33631K, capacity 35253K, committed 35416K, reserved 1081344K
  class space    used 3299K, capacity 3889K, committed 3968K, reserved 1048576K
}
Event: 5.028 GC heap after
{Heap after GC invocations=14 (full 2):
 PSYoungGen      total 23552K, used 0K [0x00000000eab00000, 0x00000000ecf80000, 0x0000000100000000)
  eden space 20480K, 0% used [0x00000000eab00000,0x00000000eab00000,0x00000000ebf00000)
  from space 3072K, 0% used [0x00000000ec680000,0x00000000ec680000,0x00000000ec980000)
  to   space 7680K, 0% used [0x00000000ebf00000,0x00000000ebf00000,0x00000000ec680000)
 ParOldGen       total 68608K, used 28538K [0x00000000c0000000, 0x00000000c4300000, 0x00000000eab00000)
  object space 68608K, 41% used [0x00000000c0000000,0x00000000c1bde8e8,0x00000000c4300000)
 Metaspace       used 33631K, capacity 35253K, committed 35416K, reserved 1081344K
  class space    used 3299K, capacity 3889K, committed 3968K, reserved 1048576K
}

